[preview.foxythemes.net/indexb49b.html]
[backblue.gif]
[fade.gif]
[index.html]
[preview.foxythemes.net/assets/img/foxy_fav.png]
[preview.foxythemes.net/assets/css/style.css]
[preview.foxythemes.net/assets/icons/style.css]
[use.typekit.net/hud2mnz.js]
[preview.foxythemes.net/assets/img/logo.png]
[preview.foxythemes.net/assets/js/projects2c70.js]
[preview.foxythemes.net/assets/js/frameResizer.js]
[code.jquery.com/jquery-latest.min.js]
[preview.foxythemes.net/indexb49b.html]
[preview.foxythemes.net/assets/css/style.css]
[preview.foxythemes.net/assets/js/projectManager.js]
[preview.foxythemes.net/assets/icons/fonts/icomoonb8fc.eot]
[preview.foxythemes.net/assets/icons/fonts/icomoonb8fc.ttf]
[preview.foxythemes.net/assets/icons/fonts/icomoonb8fc.woff]
[preview.foxythemes.net/assets/icons/style.css]
[preview.foxythemes.net/assets/icons/fonts/icomoonb8fc.svg]
